mode: atomic
github.com/ryanhartje/locker/pkg/locker/filesystem.go:17.43,20.55 2 3
github.com/ryanhartje/locker/pkg/locker/filesystem.go:26.2,29.3 1 3
github.com/ryanhartje/locker/pkg/locker/filesystem.go:20.55,22.3 1 3
github.com/ryanhartje/locker/pkg/locker/filesystem.go:22.8,22.23 1 0
github.com/ryanhartje/locker/pkg/locker/filesystem.go:22.23,23.13 1 0
github.com/ryanhartje/locker/pkg/locker/filesystem.go:33.56,36.16 3 2
github.com/ryanhartje/locker/pkg/locker/filesystem.go:39.2,41.16 3 1
github.com/ryanhartje/locker/pkg/locker/filesystem.go:44.2,44.29 1 1
github.com/ryanhartje/locker/pkg/locker/filesystem.go:50.2,50.18 1 1
github.com/ryanhartje/locker/pkg/locker/filesystem.go:36.16,38.3 1 1
github.com/ryanhartje/locker/pkg/locker/filesystem.go:41.16,43.3 1 0
github.com/ryanhartje/locker/pkg/locker/filesystem.go:44.29,46.17 2 0
github.com/ryanhartje/locker/pkg/locker/filesystem.go:46.17,48.4 1 0
github.com/ryanhartje/locker/pkg/locker/locker.go:35.37,37.24 2 1
github.com/ryanhartje/locker/pkg/locker/locker.go:41.2,68.3 11 1
github.com/ryanhartje/locker/pkg/locker/locker.go:37.24,39.3 1 1
github.com/ryanhartje/locker/pkg/locker/locker.go:72.29,75.45 2 1
github.com/ryanhartje/locker/pkg/locker/locker.go:79.2,82.38 3 1
github.com/ryanhartje/locker/pkg/locker/locker.go:75.45,78.3 2 0
github.com/ryanhartje/locker/pkg/locker/locker.go:86.26,89.19 2 0
github.com/ryanhartje/locker/pkg/locker/locker.go:93.2,110.34 8 0
github.com/ryanhartje/locker/pkg/locker/locker.go:89.19,91.3 1 0
github.com/ryanhartje/locker/pkg/locker/locker.go:110.34,113.3 2 0
github.com/ryanhartje/locker/cmd/locker/fork.go:8.47,13.48 1 0
github.com/ryanhartje/locker/cmd/locker/fork.go:17.2,17.12 1 0
github.com/ryanhartje/locker/cmd/locker/fork.go:13.48,15.4 1 0
github.com/ryanhartje/locker/cmd/locker/locker.go:24.47,29.48 1 0
github.com/ryanhartje/locker/cmd/locker/locker.go:34.2,34.12 1 0
github.com/ryanhartje/locker/cmd/locker/locker.go:29.48,31.4 1 0
github.com/ryanhartje/locker/cmd/locker/locker.go:37.13,43.2 5 0
github.com/ryanhartje/locker/cmd/locker/run.go:15.46,26.48 2 1
github.com/ryanhartje/locker/cmd/locker/run.go:38.2,43.12 5 1
github.com/ryanhartje/locker/cmd/locker/run.go:26.48,28.24 1 0
github.com/ryanhartje/locker/cmd/locker/run.go:31.4,34.10 3 0
github.com/ryanhartje/locker/cmd/locker/run.go:28.24,29.127 1 0
github.com/ryanhartje/locker/cmd/locker/run.go:46.30,58.2 4 0
github.com/ryanhartje/locker/cmd/locker/version.go:9.50,14.48 1 0
github.com/ryanhartje/locker/cmd/locker/version.go:20.2,20.12 1 0
github.com/ryanhartje/locker/cmd/locker/version.go:14.48,17.4 1 0
